<?xml version="1.0" encoding="UTF-8"?>
<!-- Generated by org.testng.reporters.JUnitXMLReporter -->
<testsuite hostname="SDS" name="Test automation" tests="11" failures="0" timestamp="16 Mar 2017 11:12:50 GMT" time="199.126" errors="0">
  <testcase name="testConstituencies_Appear_Correct" time="5.87" classname="lt.itakademija.test.TestConstituencies"/>
  <testcase name="testRegisterMultipleConstituencies" time="102.091" classname="lt.itakademija.test.TestConstituencies"/>
  <testcase name="testRegisterConstituencyAdDistrict" time="1.496" classname="lt.itakademija.test.TestConstituencies"/>
  <testcase name="testRegisterMultipleDistricts" time="7.359" classname="lt.itakademija.test.TestConstituencies"/>
  <testcase name="testAddSingleMandateCandidateListCSV" time="1.236" classname="lt.itakademija.test.TestConstituencies"/>
  <testcase name="testMultiAddSingleMandateCandidateListCSV" time="13.989" classname="lt.itakademija.test.TestConstituencies"/>
  <testcase name="testAddRepresentative" time="2.879" classname="lt.itakademija.test.TestConstituencies"/>
  <testcase name="testAddMultipleRepresentatives" time="13.985" classname="lt.itakademija.test.TestConstituencies"/>
  <testcase name="testAddingCsvFileToParty" time="18.719" classname="lt.itakademija.test.TestParties"/>
  <testcase name="testRegisterMultipleParties" time="13.886" classname="lt.itakademija.test.TestParties"/>
  <testcase name="testAddingMultiCsvFileToParties" time="9.452" classname="lt.itakademija.test.TestParties"/>
</testsuite> <!-- Test automation -->
